{
  level: 'error',
  message: 'HTTP GET /error',
  metadata: {
    meta: {
      req: {
        url: '/error',
        headers: {
          'accept-encoding': 'gzip, deflate, br',
          accept: '*/*',
          'user-agent': 'Thunder Client (https://www.thunderclient.com)',
          host: 'localhost:5000',
          connection: 'close'
        },
        method: 'GET',
        httpVersion: '1.1',
        originalUrl: '/error',
        query: {}
      },
      res: { statusCode: 500 },
      responseTime: 27
    }
  },
  timestamp: '2023-02-03T04:43:21.184Z'
}
