{
  level: 'error',
  message: "Could not connect to any servers in your MongoDB Atlas cluster. One common reason is that you're trying to access the database from an IP that isn't whitelisted. Make sure your current IP address is on your Atlas cluster's IP whitelist: https://docs.atlas.mongodb.com/security-whitelist/",
  metadata: {
    reason: TopologyDescription {
      type: 'ReplicaSetNoPrimary',
      servers: Map(3) {
        'ac-x9cmgy0-shard-00-00.auxdvxn.mongodb.net:27017' => ServerDescription {
          address: 'ac-x9cmgy0-shard-00-00.auxdvxn.mongodb.net:27017',
          type: 'Unknown',
          hosts: [],
          passives: [],
          arbiters: [],
          tags: {},
          minWireVersion: 0,
          maxWireVersion: 0,
          roundTripTime: -1,
          lastUpdateTime: 237345422,
          lastWriteDate: 0,
          error: MongoNetworkError: connection <monitor> to 13.245.248.53:27017 closed
              at Connection.onClose (D:\Docs\CODE\MY_PROJECTS\future-leaders-finances-management-app\server\node_modules\mongodb\src\cmap\connection.ts:333:13)
              at TLSSocket.<anonymous> (D:\Docs\CODE\MY_PROJECTS\future-leaders-finances-management-app\server\node_modules\mongodb\src\cmap\connection.ts:242:42)
              at TLSSocket.emit (node:events:513:28)
              at TLSSocket.emit (node:domain:489:12)
              at node:net:301:12
              at TCP.done (node:_tls_wrap:588:7) {
            [Symbol(errorLabels)]: Set(1) { 'ResetPool' }
          },
          topologyVersion: null,
          setName: null,
          setVersion: null,
          electionId: null,
          logicalSessionTimeoutMinutes: null,
          primary: null,
          me: null,
          '$clusterTime': null
        },
        'ac-x9cmgy0-shard-00-01.auxdvxn.mongodb.net:27017' => ServerDescription {
          address: 'ac-x9cmgy0-shard-00-01.auxdvxn.mongodb.net:27017',
          type: 'Unknown',
          hosts: [],
          passives: [],
          arbiters: [],
          tags: {},
          minWireVersion: 0,
          maxWireVersion: 0,
          roundTripTime: -1,
          lastUpdateTime: 237344914,
          lastWriteDate: 0,
          error: MongoNetworkError: connection <monitor> to 13.246.91.187:27017 closed
              at Connection.onClose (D:\Docs\CODE\MY_PROJECTS\future-leaders-finances-management-app\server\node_modules\mongodb\src\cmap\connection.ts:333:13)
              at TLSSocket.<anonymous> (D:\Docs\CODE\MY_PROJECTS\future-leaders-finances-management-app\server\node_modules\mongodb\src\cmap\connection.ts:242:42)
              at TLSSocket.emit (node:events:513:28)
              at TLSSocket.emit (node:domain:489:12)
              at node:net:301:12
              at TCP.done (node:_tls_wrap:588:7) {
            [Symbol(errorLabels)]: Set(1) { 'ResetPool' }
          },
          topologyVersion: null,
          setName: null,
          setVersion: null,
          electionId: null,
          logicalSessionTimeoutMinutes: null,
          primary: null,
          me: null,
          '$clusterTime': null
        },
        'ac-x9cmgy0-shard-00-02.auxdvxn.mongodb.net:27017' => ServerDescription {
          address: 'ac-x9cmgy0-shard-00-02.auxdvxn.mongodb.net:27017',
          type: 'Unknown',
          hosts: [],
          passives: [],
          arbiters: [],
          tags: {},
          minWireVersion: 0,
          maxWireVersion: 0,
          roundTripTime: -1,
          lastUpdateTime: 237346164,
          lastWriteDate: 0,
          error: MongoNetworkError: connection <monitor> to 13.245.245.174:27017 closed
              at Connection.onClose (D:\Docs\CODE\MY_PROJECTS\future-leaders-finances-management-app\server\node_modules\mongodb\src\cmap\connection.ts:333:13)
              at TLSSocket.<anonymous> (D:\Docs\CODE\MY_PROJECTS\future-leaders-finances-management-app\server\node_modules\mongodb\src\cmap\connection.ts:242:42)
              at TLSSocket.emit (node:events:513:28)
              at TLSSocket.emit (node:domain:489:12)
              at node:net:301:12
              at TCP.done (node:_tls_wrap:588:7) {
            [Symbol(errorLabels)]: Set(1) { 'ResetPool' }
          },
          topologyVersion: null,
          setName: null,
          setVersion: null,
          electionId: null,
          logicalSessionTimeoutMinutes: null,
          primary: null,
          me: null,
          '$clusterTime': null
        }
      },
      stale: false,
      compatible: true,
      heartbeatFrequencyMS: 10000,
      localThresholdMS: 15,
      setName: 'atlas-qy9yfw-shard-0',
      maxElectionId: null,
      maxSetVersion: null,
      commonWireVersion: 0,
      logicalSessionTimeoutMinutes: null
    },
    code: undefined
  },
  timestamp: '2023-02-03T19:49:00.928Z'
}
{
  level: 'warn',
  message: 'HTTP POST /institution',
  metadata: {
    meta: {
      req: {
        url: '/institution',
        headers: {
          'content-length': '117',
          'accept-encoding': 'gzip, deflate, br',
          accept: '*/*',
          'user-agent': 'Thunder Client (https://www.thunderclient.com)',
          'content-type': 'application/json',
          host: 'localhost:5000',
          connection: 'close'
        },
        method: 'POST',
        httpVersion: '1.1',
        originalUrl: '/institution',
        query: {}
      },
      res: { statusCode: 400 },
      responseTime: 254
    }
  },
  timestamp: '2023-02-03T20:10:13.564Z'
}
